
  Run started : 2026-04-29 21:13
  Device      : mps

  Architecture : Wire (Morlet wavelet) + Residual blocks
  Entry layer  : 7 -> 128  (WireLayer, is_first=True)
  Residual blks: 3 x WireResidualBlock (128 channels each)
  Output layer : 128 -> 1  (linear)
  omega_0      : 10.0   sigma_0: 10.0
  Parameters   : 99,329
  Output scale : 1.000e-03
  Optimizer    : AdamW  (weight_decay=1e-5)
  Scheduler    : CosineAnnealingWarmRestarts  (T_0=2000)
  t-substitution: logarithmic  t = exp(4.394*u3) - 1,  t in [0, 80]

====================================================================
  Training: 8000 epochs | 8 sets
  Per epoch: 8192 pts | device: mps
  lr: 0.0005 -> 1e-05  (CosineAnnealingWarmRestarts)
  Network: Wire  omega_0=10.0  sigma_0=10.0
====================================================================
  Epoch     1/8000  loss=3.9963e-01  lr=5.00e-04  (1.0s)
  Epoch   500/8000  loss=2.5256e-03  lr=4.28e-04  (125.3s)
  Epoch  1000/8000  loss=5.5668e-04  lr=2.55e-04  (258.6s)
  Epoch  1500/8000  loss=7.2073e-05  lr=8.18e-05  (390.5s)
  Epoch  2000/8000  loss=4.2840e-05  lr=5.00e-04  (511.2s)
  Epoch  2500/8000  loss=1.6456e-03  lr=4.28e-04  (626.3s)
  Epoch  3000/8000  loss=1.3593e-04  lr=2.55e-04  (745.4s)
  Epoch  3500/8000  loss=3.9815e-05  lr=8.18e-05  (861.1s)
  Epoch  4000/8000  loss=2.7192e-05  lr=5.00e-04  (976.5s)
  Epoch  4500/8000  loss=2.7897e-04  lr=4.28e-04  (1091.6s)
  Epoch  5000/8000  loss=6.7933e-05  lr=2.55e-04  (1209.9s)
  Epoch  5500/8000  loss=2.9405e-05  lr=8.18e-05  (1326.8s)
  Epoch  6000/8000  loss=2.3756e-05  lr=5.00e-04  (1445.9s)
  Epoch  6500/8000  loss=5.4670e-04  lr=4.28e-04  (1566.4s)
  Epoch  7000/8000  loss=5.3267e-05  lr=2.55e-04  (1685.0s)
  Epoch  7500/8000  loss=2.3069e-05  lr=8.18e-05  (1808.3s)
  Epoch  8000/8000  loss=1.7566e-05  lr=5.00e-04  (1938.4s)

  Done in 1938.4s | min loss = 1.6786e-05

Computing reference values (scipy) ...

  (0,0,1,2):  1.024334e+00  +/-  1.1e-13
  (0,1,1,2):  3.758095e-01  +/-  1.3e-13
  (1,0,1,2):  3.758095e-01  +/-  1.6e-13
  (1,1,1,2):  1.142569e-01  +/-  8.7e-14
  (0,0,2,3):  8.247579e-01  +/-  1.1e-13
  (0,1,2,3):  3.074143e-01  +/-  1.5e-13
  (1,0,2,3):  3.074143e-01  +/-  1.6e-13
  (1,1,2,3):  9.614571e-02  +/-  9.1e-14

====================================================================================
   (a,b,m,n)       Wire-NNI         scipy         |Delta|    |Delta|/ref  Digits
====================================================================================
   (0,0,1,2)       1.024812e+00    1.024334e+00    4.784e-04  4.670e-04    4   
   (0,1,1,2)       3.758959e-01    3.758095e-01    8.631e-05  2.297e-04    5   
   (1,0,1,2)       3.760109e-01    3.758095e-01    2.013e-04  5.357e-04    4   
   (1,1,1,2)       1.143251e-01    1.142569e-01    6.820e-05  5.969e-04    5   
   (0,0,2,3)       8.250958e-01    8.247579e-01    3.380e-04  4.098e-04    4   
   (0,1,2,3)       3.074419e-01    3.074143e-01    2.763e-05  8.989e-05    5   
   (1,0,2,3)       3.074893e-01    3.074143e-01    7.504e-05  2.441e-04    5   
   (1,1,2,3)       9.618594e-02    9.614571e-02    4.023e-05  4.184e-04    5   
====================================================================================

  Final loss   : 1.7566e-05
  Minimum loss : 1.6786e-05
  Loss @ epoch 1: 3.9963e-01

  Run finished : 2026-04-29 21:46
