
  Run started : 2026-04-30 09:35
  Device      : mps

  Architecture : SIREN  [128, 128, 128]  omega_0=20.0
  Parameters   : 34,177
  Output scale : 1.250e-04
  t-substitution: logarithmic  t = exp(4.394·u₃) - 1,  t ∈ [0, 80]

════════════════════════════════════════════════════════════════
  Training: 8000 epochs | 1024 pts/set | 8 sets
  Per epoch: 8192 pts | device: mps
  lr: 0.0005 -> 5e-05  (CosineAnnealing)
  Network: SIREN  omega_0=20.0
════════════════════════════════════════════════════════════════
  Epoch     1/8000  loss=3.7510e-01  lr=5.00e-04  (0.4s)
  Epoch   500/8000  loss=2.3282e-03  lr=4.96e-04  (16.7s)
  Epoch  1000/8000  loss=1.1129e-03  lr=4.83e-04  (33.1s)
  Epoch  1500/8000  loss=1.8055e-03  lr=4.62e-04  (49.8s)
  Epoch  2000/8000  loss=1.7491e-03  lr=4.34e-04  (66.7s)
  Epoch  2500/8000  loss=1.1457e-03  lr=4.00e-04  (83.8s)
  Epoch  3000/8000  loss=3.5971e-04  lr=3.61e-04  (100.2s)
  Epoch  3500/8000  loss=2.2178e-04  lr=3.19e-04  (116.4s)
  Epoch  4000/8000  loss=1.6993e-04  lr=2.75e-04  (133.0s)
  Epoch  4500/8000  loss=7.4211e-05  lr=2.31e-04  (149.5s)
  Epoch  5000/8000  loss=1.0283e-04  lr=1.89e-04  (166.0s)
  Epoch  5500/8000  loss=5.3483e-05  lr=1.50e-04  (182.4s)
  Epoch  6000/8000  loss=3.3013e-05  lr=1.16e-04  (199.4s)
  Epoch  6500/8000  loss=2.5585e-05  lr=8.79e-05  (217.0s)
  Epoch  7000/8000  loss=1.2393e-05  lr=6.71e-05  (233.5s)
  Epoch  7500/8000  loss=1.1984e-05  lr=5.43e-05  (250.6s)
  Epoch  8000/8000  loss=2.1539e-05  lr=5.00e-05  (267.7s)

  Done in 267.7s | min loss = 8.3962e-06

Computing reference values (scipy) ...

  (0,0,1,2):  1.024334e+00  +/-  1.1e-13
  (0,1,1,2):  3.758095e-01  +/-  1.3e-13
  (1,0,1,2):  3.758095e-01  +/-  1.6e-13
  (1,1,1,2):  1.142569e-01  +/-  8.7e-14
  (0,0,2,3):  8.247579e-01  +/-  1.1e-13
  (0,1,2,3):  3.074143e-01  +/-  1.5e-13
  (1,0,2,3):  3.074143e-01  +/-  1.6e-13
  (1,1,2,3):  9.614571e-02  +/-  9.1e-14

════════════════════════════════════════════════════════════════════════════════════
   (a,b,m,n)         NNI            scipy           |Δ|       |Δ|/ref   Digits
════════════════════════════════════════════════════════════════════════════════════
   (0,0,1,2)       1.025138e+00    1.024334e+00    8.044e-04  7.852e-04    4   
   (0,1,1,2)       3.764270e-01    3.758095e-01    6.174e-04  1.643e-03    4   
   (1,0,1,2)       3.768829e-01    3.758095e-01    1.073e-03  2.856e-03    3   
   (1,1,1,2)       1.143206e-01    1.142569e-01    6.369e-05  5.574e-04    5   
   (0,0,2,3)       8.254168e-01    8.247579e-01    6.590e-04  7.990e-04    4   
   (0,1,2,3)       3.076077e-01    3.074143e-01    1.934e-04  6.292e-04    4   
   (1,0,2,3)       3.081123e-01    3.074143e-01    6.980e-04  2.271e-03    4   
   (1,1,2,3)       9.618541e-02    9.614571e-02    3.970e-05  4.129e-04    5   
════════════════════════════════════════════════════════════════════════════════════

  Final loss   : 2.1539e-05
  Minimum loss : 8.3962e-06
  Loss @ epoch 1: 3.7510e-01

  Run finished : 2026-04-30 09:39
