
  Run started : 2026-04-29 20:15
  Device      : cpu

  Architecture : SIREN  [128, 128, 128]  omega_0=30.0
  Parameters   : 34,177
  Output scale : 3.704e-05
  t-substitution: logarithmic  t = exp(4.394·u₃) - 1,  t ∈ [0, 80]

════════════════════════════════════════════════════════════════
  Training: 8000 epochs | 1024 pts/set | 8 sets
  Per epoch: 8192 pts | device: cpu
  lr: 0.0005 -> 5e-05  (CosineAnnealing)
  Network: SIREN  omega_0=30.0
════════════════════════════════════════════════════════════════
  Epoch     1/8000  loss=3.7510e-01  lr=5.00e-04  (0.2s)
  Epoch   500/8000  loss=4.1375e-03  lr=4.96e-04  (35.7s)
  Epoch  1000/8000  loss=1.5761e-03  lr=4.83e-04  (72.4s)
  Epoch  1500/8000  loss=6.1079e-03  lr=4.62e-04  (109.5s)
  Epoch  2000/8000  loss=2.5722e-03  lr=4.34e-04  (148.0s)
  Epoch  2500/8000  loss=1.0177e-03  lr=4.00e-04  (184.4s)
  Epoch  3000/8000  loss=3.3165e-04  lr=3.61e-04  (220.0s)
  Epoch  3500/8000  loss=4.7197e-04  lr=3.19e-04  (256.2s)
  Epoch  4000/8000  loss=1.9234e-04  lr=2.75e-04  (291.3s)
  Epoch  4500/8000  loss=9.5648e-05  lr=2.31e-04  (325.7s)
  Epoch  5000/8000  loss=1.3339e-04  lr=1.89e-04  (360.8s)
  Epoch  5500/8000  loss=4.1276e-05  lr=1.50e-04  (396.4s)
  Epoch  6000/8000  loss=2.7014e-05  lr=1.16e-04  (432.2s)
  Epoch  6500/8000  loss=3.8185e-05  lr=8.79e-05  (468.3s)
  Epoch  7000/8000  loss=1.5801e-05  lr=6.71e-05  (503.4s)
  Epoch  7500/8000  loss=8.5134e-06  lr=5.43e-05  (538.4s)
  Epoch  8000/8000  loss=1.8414e-05  lr=5.00e-05  (573.2s)

  Done in 573.2s | min loss = 6.1494e-06

Computing reference values (scipy) ...

  (0,0,1,2):  1.024334e+00  +/-  1.1e-13
  (0,1,1,2):  3.758095e-01  +/-  1.3e-13
  (1,0,1,2):  3.758095e-01  +/-  1.6e-13
  (1,1,1,2):  1.142569e-01  +/-  8.7e-14
  (0,0,2,3):  8.247579e-01  +/-  1.1e-13
  (0,1,2,3):  3.074143e-01  +/-  1.5e-13
  (1,0,2,3):  3.074143e-01  +/-  1.6e-13
  (1,1,2,3):  9.614571e-02  +/-  9.1e-14

════════════════════════════════════════════════════════════════════════════════════
   (a,b,m,n)         NNI            scipy           |Δ|       |Δ|/ref   Digits
════════════════════════════════════════════════════════════════════════════════════
   (0,0,1,2)       1.025200e+00    1.024334e+00    8.657e-04  8.451e-04    4   
   (0,1,1,2)       3.762960e-01    3.758095e-01    4.864e-04  1.294e-03    4   
   (1,0,1,2)       3.761833e-01    3.758095e-01    3.737e-04  9.944e-04    4   
   (1,1,1,2)       1.141663e-01    1.142569e-01    9.061e-05  7.930e-04    5   
   (0,0,2,3)       8.246855e-01    8.247579e-01    7.234e-05  8.771e-05    5   
   (0,1,2,3)       3.077671e-01    3.074143e-01    3.529e-04  1.148e-03    4   
   (1,0,2,3)       3.079923e-01    3.074143e-01    5.780e-04  1.880e-03    4   
   (1,1,2,3)       9.610982e-02    9.614571e-02    3.589e-05  3.733e-04    5   
════════════════════════════════════════════════════════════════════════════════════

  Final loss   : 1.8414e-05
  Minimum loss : 6.1494e-06
  Loss @ epoch 1: 3.7510e-01

  Run finished : 2026-04-29 20:25
