
  Run started : 2026-04-29 20:06
  Device      : mps

  Architecture : SIREN  [128, 128, 128]  omega_0=30.0
  Parameters   : 34,177
  Output scale : 3.704e-05
  t-substitution: logarithmic  t = exp(4.394·u₃) - 1,  t ∈ [0, 80]

════════════════════════════════════════════════════════════════
  Training: 8000 epochs | 1024 pts/set | 8 sets
  Per epoch: 8192 pts | device: mps
  lr: 0.0005 -> 5e-05  (CosineAnnealing)
  Network: SIREN  omega_0=30.0
════════════════════════════════════════════════════════════════
  Epoch     1/8000  loss=3.7510e-01  lr=5.00e-04  (1.1s)
  Epoch   500/8000  loss=4.6777e-03  lr=4.96e-04  (17.3s)
  Epoch  1000/8000  loss=1.4429e-03  lr=4.83e-04  (33.4s)
  Epoch  1500/8000  loss=2.4802e-03  lr=4.62e-04  (50.3s)
  Epoch  2000/8000  loss=1.1839e-03  lr=4.34e-04  (67.1s)
  Epoch  2500/8000  loss=2.9925e-03  lr=4.00e-04  (84.1s)
  Epoch  3000/8000  loss=2.4216e-04  lr=3.61e-04  (101.2s)
  Epoch  3500/8000  loss=1.9183e-04  lr=3.19e-04  (117.5s)
  Epoch  4000/8000  loss=2.0783e-04  lr=2.75e-04  (133.9s)
  Epoch  4500/8000  loss=2.4548e-04  lr=2.31e-04  (150.2s)
  Epoch  5000/8000  loss=2.4568e-04  lr=1.89e-04  (166.5s)
  Epoch  5500/8000  loss=7.5706e-05  lr=1.50e-04  (182.9s)
  Epoch  6000/8000  loss=1.7350e-05  lr=1.16e-04  (199.2s)
  Epoch  6500/8000  loss=1.7095e-05  lr=8.79e-05  (215.7s)
  Epoch  7000/8000  loss=2.0285e-05  lr=6.71e-05  (232.0s)
  Epoch  7500/8000  loss=7.5698e-06  lr=5.43e-05  (248.4s)
  Epoch  8000/8000  loss=3.0550e-05  lr=5.00e-05  (264.7s)

  Done in 264.7s | min loss = 5.7608e-06

Computing reference values (scipy) ...

  (0,0,1,2):  1.024334e+00  +/-  1.1e-13
  (0,1,1,2):  3.758095e-01  +/-  1.3e-13
  (1,0,1,2):  3.758095e-01  +/-  1.6e-13
  (1,1,1,2):  1.142569e-01  +/-  8.7e-14
  (0,0,2,3):  8.247579e-01  +/-  1.1e-13
  (0,1,2,3):  3.074143e-01  +/-  1.5e-13
  (1,0,2,3):  3.074143e-01  +/-  1.6e-13
  (1,1,2,3):  9.614571e-02  +/-  9.1e-14

════════════════════════════════════════════════════════════════════════════════════
   (a,b,m,n)         NNI            scipy           |Δ|       |Δ|/ref   Digits
════════════════════════════════════════════════════════════════════════════════════
   (0,0,1,2)       1.023282e+00    1.024334e+00    1.052e-03  1.027e-03    3   
   (0,1,1,2)       3.759207e-01    3.758095e-01    1.112e-04  2.959e-04    4   
   (1,0,1,2)       3.756200e-01    3.758095e-01    1.896e-04  5.044e-04    4   
   (1,1,1,2)       1.141840e-01    1.142569e-01    7.295e-05  6.385e-04    5   
   (0,0,2,3)       8.251770e-01    8.247579e-01    4.192e-04  5.082e-04    4   
   (0,1,2,3)       3.072119e-01    3.074143e-01    2.024e-04  6.584e-04    4   
   (1,0,2,3)       3.073592e-01    3.074143e-01    5.507e-05  1.791e-04    5   
   (1,1,2,3)       9.609215e-02    9.614571e-02    5.357e-05  5.571e-04    5   
════════════════════════════════════════════════════════════════════════════════════

  Final loss   : 3.0550e-05
  Minimum loss : 5.7608e-06
  Loss @ epoch 1: 3.7510e-01

  Run finished : 2026-04-29 20:10
