
  Run started : 2026-04-29 21:08
  Device      : mps

  Architecture : SIREN  [128, 128, 128]  omega_0=40.0
  Parameters   : 34,177
  Output scale : 1.563e-05
  t-substitution: logarithmic  t = exp(4.394·u₃) - 1,  t ∈ [0, 80]

════════════════════════════════════════════════════════════════
  Training: 8000 epochs | 1024 pts/set | 8 sets
  Per epoch: 8192 pts | device: mps
  lr: 0.0005 -> 5e-05  (CosineAnnealing)
  Network: SIREN  omega_0=40.0
════════════════════════════════════════════════════════════════
  Epoch     1/8000  loss=3.7510e-01  lr=5.00e-04  (0.2s)
  Epoch   500/8000  loss=7.1222e-03  lr=4.96e-04  (16.6s)
  Epoch  1000/8000  loss=7.2743e-03  lr=4.83e-04  (33.2s)
  Epoch  1500/8000  loss=8.0505e-03  lr=4.62e-04  (49.5s)
  Epoch  2000/8000  loss=4.4575e-03  lr=4.34e-04  (66.0s)
  Epoch  2500/8000  loss=1.5659e-03  lr=4.00e-04  (82.3s)
  Epoch  3000/8000  loss=4.4313e-04  lr=3.61e-04  (98.7s)
  Epoch  3500/8000  loss=1.1042e-03  lr=3.19e-04  (115.0s)
  Epoch  4000/8000  loss=5.0797e-04  lr=2.75e-04  (131.4s)
  Epoch  4500/8000  loss=1.6538e-04  lr=2.31e-04  (148.4s)
  Epoch  5000/8000  loss=2.0653e-04  lr=1.89e-04  (165.4s)
  Epoch  5500/8000  loss=6.5035e-05  lr=1.50e-04  (182.5s)
  Epoch  6000/8000  loss=2.3983e-05  lr=1.16e-04  (199.1s)
  Epoch  6500/8000  loss=4.3467e-05  lr=8.79e-05  (215.6s)
  Epoch  7000/8000  loss=2.6287e-05  lr=6.71e-05  (232.0s)
  Epoch  7500/8000  loss=7.3982e-06  lr=5.43e-05  (249.5s)
  Epoch  8000/8000  loss=4.0477e-05  lr=5.00e-05  (266.2s)

  Done in 266.2s | min loss = 5.7607e-06

Computing reference values (scipy) ...

  (0,0,1,2):  1.024334e+00  +/-  1.1e-13
  (0,1,1,2):  3.758095e-01  +/-  1.3e-13
  (1,0,1,2):  3.758095e-01  +/-  1.6e-13
  (1,1,1,2):  1.142569e-01  +/-  8.7e-14
  (0,0,2,3):  8.247579e-01  +/-  1.1e-13
  (0,1,2,3):  3.074143e-01  +/-  1.5e-13
  (1,0,2,3):  3.074143e-01  +/-  1.6e-13
  (1,1,2,3):  9.614571e-02  +/-  9.1e-14

════════════════════════════════════════════════════════════════════════════════════
   (a,b,m,n)         NNI            scipy           |Δ|       |Δ|/ref   Digits
════════════════════════════════════════════════════════════════════════════════════
   (0,0,1,2)       1.024972e+00    1.024334e+00    6.377e-04  6.225e-04    4   
   (0,1,1,2)       3.750827e-01    3.758095e-01    7.268e-04  1.934e-03    4   
   (1,0,1,2)       3.763937e-01    3.758095e-01    5.842e-04  1.554e-03    4   
   (1,1,1,2)       1.142917e-01    1.142569e-01    3.476e-05  3.043e-04    5   
   (0,0,2,3)       8.240866e-01    8.247579e-01    6.712e-04  8.138e-04    4   
   (0,1,2,3)       3.067767e-01    3.074143e-01    6.376e-04  2.074e-03    4   
   (1,0,2,3)       3.072768e-01    3.074143e-01    1.375e-04  4.473e-04    4   
   (1,1,2,3)       9.625348e-02    9.614571e-02    1.078e-04  1.121e-03    4   
════════════════════════════════════════════════════════════════════════════════════

  Final loss   : 4.0477e-05
  Minimum loss : 5.7607e-06
  Loss @ epoch 1: 3.7510e-01

  Run finished : 2026-04-29 21:12
