/Users/grindelf/.jasher/bin/python /Users/grindelf/Programming/1-INTEGRALS/project-skuld/research/experiments/flat/7-maitre-update/maitre_nni.py

Structure: [128, 128, 128] (Sigmoid) | 34,177 params
Subs for t: logarithmic  t = exp(4.394·u₃) - 1
                 domain: t ∈ [0, 80]

════════════════════════════════════════════════════════════════
  Training: 8000 epochs | 1024 points per set | 8 sets
  Per epoch: 8192 points | device: mps
  lr: 0.001 → 0.0001 (CosineAnnealing)
════════════════════════════════════════════════════════════════
  Epoch     1/8000  loss=3.1496e-01  lr=1.00e-03  (0.3с)
  Epoch   500/8000  loss=2.1750e-01  lr=9.91e-04  (18.8с)
  Epoch  1000/8000  loss=2.0728e-01  lr=9.66e-04  (37.2с)
  Epoch  1500/8000  loss=2.0342e-01  lr=9.24e-04  (55.5с)
  Epoch  2000/8000  loss=2.4326e-01  lr=8.68e-04  (73.6с)
  Epoch  2500/8000  loss=1.8738e-01  lr=8.00e-04  (91.9с)
  Epoch  3000/8000  loss=2.1333e-01  lr=7.22e-04  (110.1с)
  Epoch  3500/8000  loss=1.7738e-01  lr=6.38e-04  (128.4с)
  Epoch  4000/8000  loss=1.7960e-01  lr=5.50e-04  (147.1с)
  Epoch  4500/8000  loss=2.1152e-01  lr=4.62e-04  (165.3с)
  Epoch  5000/8000  loss=1.7562e-01  lr=3.78e-04  (183.5с)
  Epoch  5500/8000  loss=2.0247e-01  lr=3.00e-04  (201.7с)
  Epoch  6000/8000  loss=2.2376e-01  lr=2.32e-04  (220.2с)
  Epoch  6500/8000  loss=1.9123e-01  lr=1.76e-04  (239.0с)
  Epoch  7000/8000  loss=1.6751e-01  lr=1.34e-04  (258.2с)
  Epoch  7500/8000  loss=1.8846e-01  lr=1.09e-04  (277.1с)
  Epoch  8000/8000  loss=1.8923e-01  lr=1.00e-04  (296.2с)

  Done in 296.2с | min loss = 1.3885e-01

Reference values...

  (0,0,1,2):  1.024334e+00  ±  1.1e-13
  (0,1,1,2):  3.758095e-01  ±  1.3e-13
  (1,0,1,2):  3.758095e-01  ±  1.6e-13
  (1,1,1,2):  1.142569e-01  ±  8.7e-14
  (0,0,2,3):  8.247579e-01  ±  1.1e-13
  (0,1,2,3):  3.074143e-01  ±  1.5e-13
  (1,0,2,3):  3.074143e-01  ±  1.6e-13
  (1,1,2,3):  9.614571e-02  ±  9.1e-14

════════════════════════════════════════════════════════════════════════════════════
   (a,b,m,n)         NNI            scipy           |Δ|       |Δ|/ref   Digits
════════════════════════════════════════════════════════════════════════════════════
   (0,0,1,2)       1.079635e+00    1.024334e+00    5.530e-02  5.399e-02    2
   (0,1,1,2)       3.943691e-01    3.758095e-01    1.856e-02  4.939e-02    2
   (1,0,1,2)       4.248021e-01    3.758095e-01    4.899e-02  1.304e-01    2
   (1,1,1,2)       1.248801e-01    1.142569e-01    1.062e-02  9.298e-02    2
   (0,0,2,3)       9.268410e-01    8.247579e-01    1.021e-01  1.238e-01    1
   (0,1,2,3)       3.205138e-01    3.074143e-01    1.310e-02  4.261e-02    2
   (1,0,2,3)       3.373044e-01    3.074143e-01    2.989e-02  9.723e-02    2
   (1,1,2,3)       1.055942e-01    9.614571e-02    9.448e-03  9.827e-02    3
════════════════════════════════════════════════════════════════════════════════════

  Final loss: 1.8923e-01
  Minimal loss: 1.3885e-01
loss @ epoch 1: 3.1496e-01

Process finished with exit code 0
