
  Run started  : 2026-05-02 20:15
  Device       : mps

  Architecture : BrokNet  [8 x SindriNet [64, 128, 64]]
  omega_0      : 30.0
  Parameters   : 135,176 total  /  16,897 per expert
  Output scale : 3.704e-05
  t-substitution: logarithmic  t = exp(4.394 * u3) - 1,  t in [0, 80]

══════════════════════════════════════════════════════════════════════
  Training Mode: JOINT
  BrokNet  |  8 SindriNet experts  |  16,897 params/expert  |  135,176 total
  Epochs: 8000  |  8192 pts/expert/epoch  |  lr: 0.0005 -> 5e-05
  Device: mps
══════════════════════════════════════════════════════════════════════
  Epoch     1/8000  loss=3.7116e-01  lr=5.00e-04  (0.9s)
    [S0=2.33e-01  S1=7.82e-01  S2=1.52e-01  S3=3.33e-01  S4=2.15e-01  S5=7.35e-01  S6=1.42e-01  S7=3.77e-01]
  Epoch   500/8000  loss=1.1030e-03  lr=4.96e-04  (93.7s)
    [S0=6.84e-04  S1=1.66e-03  S2=6.43e-04  S3=1.24e-03  S4=4.20e-04  S5=9.01e-04  S6=5.96e-04  S7=2.68e-03]
  Epoch  1000/8000  loss=2.4092e-04  lr=4.83e-04  (186.0s)
    [S0=1.29e-04  S1=9.28e-04  S2=8.22e-05  S3=2.63e-04  S4=5.60e-05  S5=2.08e-04  S6=4.09e-05  S7=2.20e-04]
  Epoch  1500/8000  loss=1.4668e-04  lr=4.62e-04  (283.6s)
    [S0=3.13e-05  S1=4.64e-04  S2=1.57e-05  S3=2.62e-04  S4=9.39e-05  S5=1.08e-04  S6=4.60e-05  S7=1.52e-04]
  Epoch  2000/8000  loss=1.0598e-04  lr=4.34e-04  (393.7s)
    [S0=2.04e-05  S1=1.95e-04  S2=1.64e-05  S3=1.45e-04  S4=1.01e-04  S5=1.93e-04  S6=3.13e-05  S7=1.45e-04]
  Epoch  2500/8000  loss=9.6794e-05  lr=4.00e-04  (489.2s)
    [S0=2.89e-05  S1=2.15e-04  S2=1.15e-05  S3=7.26e-05  S4=1.59e-05  S5=2.73e-04  S6=8.92e-06  S7=1.48e-04]
  Epoch  3000/8000  loss=2.4623e-04  lr=3.61e-04  (587.5s)
    [S0=1.37e-05  S1=8.51e-05  S2=1.83e-04  S3=6.70e-05  S4=1.99e-05  S5=1.37e-03  S6=1.94e-05  S7=2.07e-04]
  Epoch  3500/8000  loss=1.7111e-04  lr=3.19e-04  (693.0s)
    [S0=2.27e-05  S1=1.83e-04  S2=2.60e-05  S3=2.31e-05  S4=6.43e-05  S5=9.43e-05  S6=2.74e-05  S7=9.28e-04]
  Epoch  4000/8000  loss=9.7725e-05  lr=2.75e-04  (800.9s)
    [S0=4.78e-05  S1=3.22e-04  S2=7.22e-06  S3=3.17e-04  S4=2.14e-05  S5=1.96e-05  S6=1.07e-05  S7=3.55e-05]
  Epoch  4500/8000  loss=5.1243e-05  lr=2.31e-04  (893.0s)
    [S0=8.73e-06  S1=1.20e-05  S2=1.03e-04  S3=1.80e-04  S4=1.47e-05  S5=5.34e-05  S6=1.78e-05  S7=1.97e-05]
  Epoch  5000/8000  loss=1.9318e-05  lr=1.89e-04  (985.5s)
    [S0=3.58e-06  S1=8.49e-05  S2=1.44e-06  S3=1.07e-05  S4=6.96e-06  S5=1.56e-05  S6=2.35e-06  S7=2.90e-05]
  Epoch  5500/8000  loss=2.2085e-05  lr=1.50e-04  (1080.8s)
    [S0=1.22e-05  S1=3.06e-05  S2=1.52e-06  S3=1.08e-04  S4=4.02e-06  S5=1.28e-05  S6=1.42e-06  S7=6.22e-06]
  Epoch  6000/8000  loss=4.7813e-06  lr=1.16e-04  (1188.8s)
    [S0=3.70e-06  S1=1.20e-05  S2=7.07e-07  S3=4.81e-06  S4=2.27e-06  S5=8.10e-06  S6=2.08e-06  S7=4.58e-06]
  Epoch  6500/8000  loss=3.0686e-06  lr=8.79e-05  (1297.6s)
    [S0=1.27e-06  S1=5.36e-06  S2=7.48e-07  S3=4.68e-06  S4=2.62e-06  S5=3.84e-06  S6=2.43e-06  S7=3.61e-06]
  Epoch  7000/8000  loss=2.6552e-06  lr=6.71e-05  (1406.5s)
    [S0=1.40e-06  S1=4.42e-06  S2=5.99e-07  S3=3.73e-06  S4=1.65e-06  S5=4.99e-06  S6=2.23e-06  S7=2.23e-06]
  Epoch  7500/8000  loss=2.4077e-06  lr=5.43e-05  (1514.1s)
    [S0=1.37e-06  S1=3.54e-06  S2=5.32e-07  S3=3.95e-06  S4=2.07e-06  S5=4.67e-06  S6=8.62e-07  S7=2.28e-06]
  Epoch  8000/8000  loss=1.0524e-05  lr=5.00e-05  (1621.6s)
    [S0=9.67e-06  S1=1.18e-05  S2=3.90e-06  S3=1.09e-05  S4=4.17e-06  S5=3.86e-06  S6=2.23e-06  S7=3.76e-05]

  Done in 1621.7s  |  min loss = 1.8691e-06

Computing reference values (scipy) ...

  (0,0,1,2):  1.024334e+00  +-  1.1e-13
  (0,1,1,2):  3.758095e-01  +-  1.3e-13
  (1,0,1,2):  3.758095e-01  +-  1.6e-13
  (1,1,1,2):  1.142569e-01  +-  8.7e-14
  (0,0,2,3):  8.247579e-01  +-  1.1e-13
  (0,1,2,3):  3.074143e-01  +-  1.5e-13
  (1,0,2,3):  3.074143e-01  +-  1.6e-13
  (1,1,2,3):  9.614571e-02  +-  9.1e-14

════════════════════════════════════════════════════════════════════════════════════
   (a,b,m,n)     BrokNet NNI        scipy         |delta|     rel err   Digits
════════════════════════════════════════════════════════════════════════════════════
   (0,0,1,2)       1.025551e+00    1.024334e+00    1.217e-03  1.188e-03    3   
   (0,1,1,2)       3.757404e-01    3.758095e-01    6.912e-05  1.839e-04    5   
   (1,0,1,2)       3.745137e-01    3.758095e-01    1.296e-03  3.448e-03    3   
   (1,1,1,2)       1.141957e-01    1.142569e-01    6.119e-05  5.356e-04    5   
   (0,0,2,3)       8.238810e-01    8.247579e-01    8.768e-04  1.063e-03    4   
   (0,1,2,3)       3.074273e-01    3.074143e-01    1.301e-05  4.233e-05    5   
   (1,0,2,3)       3.078352e-01    3.074143e-01    4.209e-04  1.369e-03    4   
   (1,1,2,3)       9.637426e-02    9.614571e-02    2.285e-04  2.377e-03    4   
════════════════════════════════════════════════════════════════════════════════════

  Final loss   : 1.0524e-05
  Minimum loss : 1.8691e-06
  Loss @ epoch 1: 3.7116e-01

  Run finished : 2026-05-02 20:42
