
  Run started  : 2026-05-02 15:12
  Device       : mps

  Architecture : BrokNet  [8 x SindriNet [128, 128, 128]]
  omega_0      : 30.0
  Parameters   : 269,320 total  /  33,665 per expert
  Output scale : 3.704e-05
  t-substitution: logarithmic  t = exp(4.394 * u3) - 1,  t in [0, 80]

══════════════════════════════════════════════════════════════════════
  Training Mode: INDIVIDUAL
  BrokNet  |  8 SindriNet experts  |  33,665 params/expert  |  269,320 total
  Epochs: 8000  |  8192 pts/expert/epoch  |  lr: 0.0005 -> 5e-05
  Device: mps
══════════════════════════════════════════════════════════════════════
  Epoch     1/8000  loss=3.6727e-01  lr=5.00e-04  (1.0s)
    [S0=2.37e-01  S1=7.33e-01  S2=1.48e-01  S3=3.30e-01  S4=2.25e-01  S5=7.22e-01  S6=1.56e-01  S7=3.88e-01]
  Epoch   500/8000  loss=9.4469e-03  lr=4.96e-04  (126.8s)
    [S0=2.50e-03  S1=2.80e-02  S2=8.63e-04  S3=7.40e-03  S4=1.01e-02  S5=1.20e-02  S6=7.78e-03  S7=6.96e-03]
  Epoch  1000/8000  loss=4.7664e-03  lr=4.83e-04  (252.6s)
    [S0=1.58e-03  S1=1.22e-02  S2=2.64e-03  S3=6.36e-03  S4=2.27e-04  S5=1.02e-02  S6=1.31e-04  S7=4.84e-03]
  Epoch  1500/8000  loss=6.9058e-03  lr=4.62e-04  (375.8s)
    [S0=5.01e-03  S1=5.42e-03  S2=1.38e-05  S3=7.96e-03  S4=1.32e-02  S5=1.07e-02  S6=2.57e-05  S7=1.30e-02]
  Epoch  2000/8000  loss=2.4259e-03  lr=4.34e-04  (497.8s)
    [S0=3.55e-04  S1=1.12e-02  S2=2.64e-05  S3=2.83e-04  S4=3.25e-04  S5=6.43e-03  S6=6.72e-04  S7=1.22e-04]
  Epoch  2500/8000  loss=2.9590e-03  lr=4.00e-04  (619.8s)
    [S0=1.06e-04  S1=2.45e-04  S2=3.49e-05  S3=3.23e-03  S4=9.05e-05  S5=4.69e-03  S6=1.42e-02  S7=1.09e-03]
  Epoch  3000/8000  loss=2.0485e-03  lr=3.61e-04  (744.5s)
    [S0=1.87e-04  S1=1.58e-02  S2=3.20e-05  S3=1.79e-05  S4=6.34e-05  S5=1.55e-04  S6=6.96e-06  S7=1.66e-04]
  Epoch  3500/8000  loss=5.5882e-05  lr=3.19e-04  (868.0s)
    [S0=4.43e-06  S1=9.71e-05  S2=8.38e-05  S3=1.21e-04  S4=3.75e-05  S5=3.95e-05  S6=4.68e-06  S7=5.95e-05]
  Epoch  4000/8000  loss=4.2334e-05  lr=2.75e-04  (991.6s)
    [S0=3.54e-06  S1=7.59e-05  S2=5.10e-06  S3=3.93e-05  S4=6.83e-06  S5=1.43e-04  S6=4.70e-05  S7=1.81e-05]
  Epoch  4500/8000  loss=5.1521e-05  lr=2.31e-04  (1119.9s)
    [S0=8.79e-05  S1=2.15e-05  S2=1.43e-05  S3=1.06e-05  S4=1.08e-04  S5=1.09e-04  S6=5.40e-05  S7=6.62e-06]
  Epoch  5000/8000  loss=9.4647e-06  lr=1.89e-04  (1247.2s)
    [S0=2.33e-06  S1=5.44e-06  S2=1.16e-05  S3=7.12e-06  S4=3.28e-06  S5=3.36e-05  S6=2.93e-06  S7=9.45e-06]
  Epoch  5500/8000  loss=7.8192e-06  lr=1.50e-04  (1370.8s)
    [S0=1.55e-06  S1=7.86e-06  S2=1.41e-06  S3=6.13e-06  S4=2.67e-06  S5=4.94e-06  S6=1.02e-05  S7=2.78e-05]
  Epoch  6000/8000  loss=3.7909e-06  lr=1.16e-04  (1498.4s)
    [S0=7.50e-07  S1=3.00e-06  S2=1.35e-06  S3=3.11e-06  S4=4.47e-06  S5=1.10e-05  S6=2.03e-06  S7=4.66e-06]
  Epoch  6500/8000  loss=2.1574e-06  lr=8.79e-05  (1625.3s)
    [S0=4.96e-07  S1=2.83e-06  S2=8.87e-07  S3=2.23e-06  S4=1.65e-06  S5=2.86e-06  S6=1.20e-06  S7=5.11e-06]
  Epoch  7000/8000  loss=1.4646e-06  lr=6.71e-05  (1746.1s)
    [S0=7.16e-07  S1=1.86e-06  S2=6.98e-07  S3=2.01e-06  S4=1.30e-06  S5=2.18e-06  S6=9.81e-07  S7=1.97e-06]
  Epoch  7500/8000  loss=2.2083e-06  lr=5.43e-05  (1870.4s)
    [S0=4.36e-07  S1=1.54e-06  S2=4.47e-07  S3=1.27e-06  S4=2.68e-06  S5=8.87e-06  S6=6.75e-07  S7=1.75e-06]
  Epoch  8000/8000  loss=4.8043e-06  lr=5.00e-05  (1999.4s)
    [S0=6.92e-07  S1=1.12e-05  S2=1.62e-06  S3=9.97e-06  S4=4.25e-06  S5=2.06e-06  S6=1.84e-06  S7=6.79e-06]

  Done in 1999.4s  |  min loss = 1.1174e-06

Computing reference values (scipy) ...

  (0,0,1,2):  1.024334e+00  +-  1.1e-13
  (0,1,1,2):  3.758095e-01  +-  1.3e-13
  (1,0,1,2):  3.758095e-01  +-  1.6e-13
  (1,1,1,2):  1.142569e-01  +-  8.7e-14
  (0,0,2,3):  8.247579e-01  +-  1.1e-13
  (0,1,2,3):  3.074143e-01  +-  1.5e-13
  (1,0,2,3):  3.074143e-01  +-  1.6e-13
  (1,1,2,3):  9.614571e-02  +-  9.1e-14

════════════════════════════════════════════════════════════════════════════════════
   (a,b,m,n)     BrokNet NNI        scipy         |delta|     rel err   Digits
════════════════════════════════════════════════════════════════════════════════════
   (0,0,1,2)       1.024227e+00    1.024334e+00    1.066e-04  1.041e-04    4   
   (0,1,1,2)       3.754405e-01    3.758095e-01    3.690e-04  9.820e-04    4   
   (1,0,1,2)       3.763805e-01    3.758095e-01    5.710e-04  1.519e-03    4   
   (1,1,1,2)       1.147133e-01    1.142569e-01    4.564e-04  3.994e-03    4   
   (0,0,2,3)       8.235828e-01    8.247579e-01    1.175e-03  1.425e-03    3   
   (0,1,2,3)       3.076712e-01    3.074143e-01    2.570e-04  8.359e-04    4   
   (1,0,2,3)       3.077901e-01    3.074143e-01    3.758e-04  1.222e-03    4   
   (1,1,2,3)       9.587342e-02    9.614571e-02    2.723e-04  2.832e-03    4   
════════════════════════════════════════════════════════════════════════════════════

  Final loss   : 4.8043e-06
  Minimum loss : 1.1174e-06
  Loss @ epoch 1: 3.6727e-01

  Run finished : 2026-05-02 15:45
