
  Run started  : 2026-05-02 15:48
  Device       : mps

  Architecture : BrokNet  [8 x SindriNet [128, 128, 128]]
  omega_0      : 30.0
  Parameters   : 269,320 total  /  33,665 per expert
  Output scale : 3.704e-05
  t-substitution: logarithmic  t = exp(4.394 * u3) - 1,  t in [0, 80]

══════════════════════════════════════════════════════════════════════
  Training Mode: JOINT
  BrokNet  |  8 SindriNet experts  |  33,665 params/expert  |  269,320 total
  Epochs: 8000  |  8192 pts/expert/epoch  |  lr: 0.0005 -> 5e-05
  Device: mps
══════════════════════════════════════════════════════════════════════
  Epoch     1/8000  loss=3.6727e-01  lr=5.00e-04  (0.9s)
    [S0=2.37e-01  S1=7.33e-01  S2=1.48e-01  S3=3.30e-01  S4=2.25e-01  S5=7.22e-01  S6=1.56e-01  S7=3.88e-01]
  Epoch   500/8000  loss=9.7442e-03  lr=4.96e-04  (124.9s)
    [S0=3.66e-03  S1=2.33e-02  S2=3.79e-03  S3=3.72e-02  S4=5.47e-03  S5=2.67e-03  S6=1.59e-04  S7=1.79e-03]
  Epoch  1000/8000  loss=2.5123e-02  lr=4.83e-04  (249.2s)
    [S0=5.34e-04  S1=4.72e-04  S2=2.68e-03  S3=6.07e-04  S4=2.68e-04  S5=1.51e-02  S6=4.15e-04  S7=1.81e-01]
  Epoch  1500/8000  loss=2.1709e-02  lr=4.62e-04  (374.3s)
    [S0=1.79e-02  S1=1.16e-01  S2=3.32e-03  S3=4.64e-03  S4=8.56e-03  S5=1.44e-02  S6=3.25e-03  S7=5.37e-03]
  Epoch  2000/8000  loss=3.7774e-04  lr=4.34e-04  (498.7s)
    [S0=2.30e-05  S1=6.43e-05  S2=1.59e-05  S3=4.46e-05  S4=2.22e-05  S5=1.31e-04  S6=5.17e-05  S7=2.67e-03]
  Epoch  2500/8000  loss=6.5861e-05  lr=4.00e-04  (621.9s)
    [S0=8.66e-06  S1=7.63e-05  S2=9.92e-06  S3=4.60e-05  S4=7.25e-05  S5=4.91e-05  S6=1.61e-05  S7=2.48e-04]
  Epoch  3000/8000  loss=5.3238e-02  lr=3.61e-04  (745.7s)
    [S0=8.16e-05  S1=6.79e-04  S2=7.09e-05  S3=4.10e-01  S4=5.98e-03  S5=8.64e-03  S6=2.19e-05  S7=1.41e-04]
  Epoch  3500/8000  loss=2.1446e-05  lr=3.19e-04  (869.0s)
    [S0=4.01e-06  S1=1.79e-05  S2=2.09e-05  S3=2.59e-05  S4=9.89e-06  S5=3.16e-05  S6=4.66e-06  S7=5.67e-05]
  Epoch  4000/8000  loss=2.6621e-05  lr=2.75e-04  (992.0s)
    [S0=4.44e-06  S1=4.03e-05  S2=2.53e-05  S3=6.91e-05  S4=4.64e-06  S5=3.16e-05  S6=2.87e-06  S7=3.47e-05]
  Epoch  4500/8000  loss=3.7147e-05  lr=2.31e-04  (1115.0s)
    [S0=3.20e-05  S1=8.64e-06  S2=1.68e-04  S3=1.54e-05  S4=1.07e-05  S5=4.86e-05  S6=3.49e-06  S7=1.07e-05]
  Epoch  5000/8000  loss=1.5451e-05  lr=1.89e-04  (1238.9s)
    [S0=3.27e-06  S1=3.12e-05  S2=3.85e-06  S3=2.28e-05  S4=1.10e-05  S5=1.80e-05  S6=5.10e-06  S7=2.83e-05]
  Epoch  5500/8000  loss=7.3758e-06  lr=1.50e-04  (1362.7s)
    [S0=1.32e-06  S1=5.25e-06  S2=7.03e-06  S3=6.45e-06  S4=5.95e-06  S5=1.23e-05  S6=1.20e-05  S7=8.76e-06]
  Epoch  6000/8000  loss=4.4712e-06  lr=1.16e-04  (1486.0s)
    [S0=6.75e-07  S1=3.27e-06  S2=9.00e-07  S3=4.29e-06  S4=2.88e-06  S5=1.26e-05  S6=1.98e-06  S7=9.14e-06]
  Epoch  6500/8000  loss=2.3788e-06  lr=8.79e-05  (1609.3s)
    [S0=5.97e-07  S1=2.51e-06  S2=9.38e-07  S3=2.48e-06  S4=1.57e-06  S5=4.31e-06  S6=1.72e-06  S7=4.91e-06]
  Epoch  7000/8000  loss=1.7991e-06  lr=6.71e-05  (1732.6s)
    [S0=7.11e-07  S1=2.89e-06  S2=6.98e-07  S3=2.09e-06  S4=1.19e-06  S5=4.03e-06  S6=8.22e-07  S7=1.96e-06]
  Epoch  7500/8000  loss=1.8876e-06  lr=5.43e-05  (1856.3s)
    [S0=7.14e-07  S1=2.70e-06  S2=6.10e-07  S3=2.12e-06  S4=2.80e-06  S5=2.88e-06  S6=1.39e-06  S7=1.89e-06]
  Epoch  8000/8000  loss=2.2638e-05  lr=5.00e-05  (1979.6s)
    [S0=3.47e-06  S1=1.65e-05  S2=4.77e-06  S3=6.83e-06  S4=5.48e-06  S5=1.21e-04  S6=2.72e-06  S7=1.99e-05]

  Done in 1979.6s  |  min loss = 1.3808e-06

Computing reference values (scipy) ...

  (0,0,1,2):  1.024334e+00  +-  1.1e-13
  (0,1,1,2):  3.758095e-01  +-  1.3e-13
  (1,0,1,2):  3.758095e-01  +-  1.6e-13
  (1,1,1,2):  1.142569e-01  +-  8.7e-14
  (0,0,2,3):  8.247579e-01  +-  1.1e-13
  (0,1,2,3):  3.074143e-01  +-  1.5e-13
  (1,0,2,3):  3.074143e-01  +-  1.6e-13
  (1,1,2,3):  9.614571e-02  +-  9.1e-14

════════════════════════════════════════════════════════════════════════════════════
   (a,b,m,n)     BrokNet NNI        scipy         |delta|     rel err   Digits
════════════════════════════════════════════════════════════════════════════════════
   (0,0,1,2)       1.024153e+00    1.024334e+00    1.811e-04  1.768e-04    4   
   (0,1,1,2)       3.755280e-01    3.758095e-01    2.815e-04  7.491e-04    4   
   (1,0,1,2)       3.759796e-01    3.758095e-01    1.701e-04  4.526e-04    4   
   (1,1,1,2)       1.142660e-01    1.142569e-01    9.023e-06  7.897e-05    6   
   (0,0,2,3)       8.245848e-01    8.247579e-01    1.731e-04  2.098e-04    4   
   (0,1,2,3)       3.081561e-01    3.074143e-01    7.418e-04  2.413e-03    4   
   (1,0,2,3)       3.077714e-01    3.074143e-01    3.571e-04  1.162e-03    4   
   (1,1,2,3)       9.653955e-02    9.614571e-02    3.938e-04  4.096e-03    4   
════════════════════════════════════════════════════════════════════════════════════

  Final loss   : 2.2638e-05
  Minimum loss : 1.3808e-06
  Loss @ epoch 1: 3.6727e-01

  Run finished : 2026-05-02 16:21
