
  Run started  : 2026-05-02 17:19
  Device       : mps

  Architecture : BrokNet  [8 x SindriNet [256, 256, 256]]
  omega_0      : 30.0
  Parameters   : 1,062,920 total  /  132,865 per expert
  Output scale : 3.704e-05
  t-substitution: logarithmic  t = exp(4.394 * u3) - 1,  t in [0, 80]

══════════════════════════════════════════════════════════════════════
  Training Mode: JOINT
  BrokNet  |  8 SindriNet experts  |  132,865 params/expert  |  1,062,920 total
  Epochs: 8000  |  8192 pts/expert/epoch  |  lr: 0.0005 -> 5e-05
  Device: mps
══════════════════════════════════════════════════════════════════════
  Epoch     1/8000  loss=3.6821e-01  lr=5.00e-04  (2.1s)
    [S0=2.39e-01  S1=7.56e-01  S2=1.55e-01  S3=3.29e-01  S4=2.26e-01  S5=7.34e-01  S6=1.57e-01  S7=3.50e-01]
  Epoch   500/8000  loss=1.2713e+03  lr=4.96e-04  (284.1s)
    [S0=1.40e-01  S1=4.24e-02  S2=5.70e-03  S3=1.05e-02  S4=8.53e-03  S5=1.02e+04  S6=1.78e-02  S7=3.87e-03]
  Epoch  1000/8000  loss=8.4066e+05  lr=4.83e-04  (566.1s)
    [S0=6.17e-01  S1=1.15e+04  S2=3.08e-03  S3=4.14e+03  S4=6.71e+06  S5=8.76e+00  S6=2.86e-02  S7=4.39e-03]
  Epoch  1500/8000  loss=4.2925e+07  lr=4.62e-04  (848.3s)
    [S0=3.89e-02  S1=3.43e+08  S2=1.19e-03  S3=3.88e+00  S4=5.52e+02  S5=6.83e-01  S6=3.30e-03  S7=6.56e-04]
  Epoch  2000/8000  loss=1.5064e+03  lr=4.34e-04  (1130.7s)
    [S0=3.74e-02  S1=1.20e+04  S2=1.16e-03  S3=5.88e-01  S4=3.62e+01  S5=6.54e-01  S6=3.28e-03  S7=6.35e-04]
  Epoch  2500/8000  loss=6.5494e-01  lr=4.00e-04  (1412.6s)
    [S0=1.85e-03  S1=8.53e-01  S2=2.35e-04  S3=6.94e-03  S4=4.35e+00  S5=2.37e-02  S6=3.96e-04  S7=1.64e-04]
  Epoch  3000/8000  loss=3.2953e+09  lr=3.61e-04  (1694.4s)
    [S0=4.42e+00  S1=3.73e+00  S2=1.39e-03  S3=8.68e+00  S4=5.62e-01  S5=3.04e+01  S6=2.64e+10  S7=3.97e+01]
  Epoch  3500/8000  loss=5.4973e+07  lr=3.19e-04  (1976.3s)
    [S0=4.55e+00  S1=3.52e+00  S2=1.43e-03  S3=8.63e+00  S4=5.48e-01  S5=3.01e+01  S6=4.40e+08  S7=4.13e+01]
  Epoch  4000/8000  loss=5.7040e+05  lr=2.75e-04  (2258.3s)
    [S0=4.28e+00  S1=3.44e+00  S2=1.38e-03  S3=9.15e+00  S4=5.36e-01  S5=2.76e+01  S6=4.56e+06  S7=2.37e+01]
  Epoch  4500/8000  loss=9.1890e+03  lr=2.31e-04  (2540.3s)
    [S0=1.69e+00  S1=2.57e+00  S2=1.21e-03  S3=6.56e+00  S4=5.38e-01  S5=8.32e+00  S6=7.35e+04  S7=1.90e+00]
  Epoch  5000/8000  loss=2.8606e+02  lr=1.89e-04  (2822.4s)
    [S0=2.42e-01  S1=9.97e-01  S2=3.23e-04  S3=1.15e+00  S4=3.59e-01  S5=1.09e+00  S6=2.28e+03  S7=1.41e-01]
  Epoch  5500/8000  loss=1.0287e+01  lr=1.50e-04  (3104.6s)
    [S0=2.89e-02  S1=7.39e-01  S2=1.34e-04  S3=3.04e-01  S4=2.20e-01  S5=2.39e-01  S6=8.08e+01  S7=6.67e-03]
  Epoch  6000/8000  loss=6.9403e-01  lr=1.16e-04  (3386.8s)
    [S0=1.51e-03  S1=7.36e-01  S2=9.37e-05  S3=7.81e-02  S4=2.05e-01  S5=1.76e-02  S6=4.51e+00  S7=5.39e-03]
  Epoch  6500/8000  loss=2.6935e-01  lr=8.79e-05  (3694.1s)
    [S0=3.49e-04  S1=7.33e-01  S2=5.74e-05  S3=1.68e-02  S4=1.32e-01  S5=6.38e-03  S6=1.27e+00  S7=7.67e-04]
  Epoch  7000/8000  loss=1.6005e-01  lr=6.71e-05  (4936.7s)
    [S0=9.44e-04  S1=9.46e-01  S2=1.44e-03  S3=1.57e-02  S4=3.58e-02  S5=5.61e-03  S6=2.71e-01  S7=4.54e-03]
  Epoch  7500/8000  loss=6.3666e-02  lr=5.43e-05  (5844.1s)
    [S0=2.45e-05  S1=5.02e-02  S2=9.45e-06  S3=2.29e-04  S4=3.51e-04  S5=1.06e-04  S6=4.58e-01  S7=8.70e-05]
  Epoch  8000/8000  loss=2.0655e-02  lr=5.00e-05  (6450.6s)
    [S0=1.67e-05  S1=9.64e-03  S2=3.13e-05  S3=1.30e-03  S4=1.56e-03  S5=3.43e-03  S6=1.49e-01  S7=5.30e-04]

  Done in 6450.7s  |  min loss = 1.8897e-02

Computing reference values (scipy) ...

  (0,0,1,2):  1.024334e+00  +-  1.1e-13
  (0,1,1,2):  3.758095e-01  +-  1.3e-13
  (1,0,1,2):  3.758095e-01  +-  1.6e-13
  (1,1,1,2):  1.142569e-01  +-  8.7e-14
  (0,0,2,3):  8.247579e-01  +-  1.1e-13
  (0,1,2,3):  3.074143e-01  +-  1.5e-13
  (1,0,2,3):  3.074143e-01  +-  1.6e-13
  (1,1,2,3):  9.614571e-02  +-  9.1e-14

════════════════════════════════════════════════════════════════════════════════════
   (a,b,m,n)     BrokNet NNI        scipy         |delta|     rel err   Digits
════════════════════════════════════════════════════════════════════════════════════
   (0,0,1,2)       1.024825e+00    1.024334e+00    4.909e-04  4.792e-04    4   
   (0,1,1,2)       3.621700e-01    3.758095e-01    1.364e-02  3.629e-02    2   
   (1,0,1,2)       3.752942e-01    3.758095e-01    5.153e-04  1.371e-03    4   
   (1,1,1,2)       1.134089e-01    1.142569e-01    8.480e-04  7.422e-03    4   
   (0,0,2,3)       8.161475e-01    8.247579e-01    8.610e-03  1.044e-02    3   
   (0,1,2,3)       3.049674e-01    3.074143e-01    2.447e-03  7.960e-03    3   
   (1,0,2,3)       1.407641e-03    3.074143e-01    3.060e-01  9.954e-01    1   
   (1,1,2,3)       9.577663e-02    9.614571e-02    3.691e-04  3.839e-03    4   
════════════════════════════════════════════════════════════════════════════════════

  Final loss   : 2.0655e-02
  Minimum loss : 1.8897e-02
  Loss @ epoch 1: 3.6821e-01

  Run finished : 2026-05-02 19:06
