
  Run started  : 2026-05-02 14:25
  Device       : mps

  Architecture : BrokNet  [8 x SindriNet [128, 128, 128]]
  omega_0      : 30.0
  Parameters   : 269,320 total  /  33,665 per expert
  Output scale : 3.704e-05
  t-substitution: logarithmic  t = exp(4.394 * u3) - 1,  t in [0, 80]

══════════════════════════════════════════════════════════════════════
  Training Mode: INDIVIDUAL
  BrokNet  |  8 SindriNet experts  |  33,665 params/expert  |  269,320 total
  Epochs: 8000  |  1024 pts/expert/epoch  |  lr: 0.0005 -> 5e-05
  Device: mps
══════════════════════════════════════════════════════════════════════
  Epoch     1/8000  loss=3.9687e-01  lr=5.00e-04  (0.4s)
    [S0=2.13e-01  S1=9.51e-01  S2=1.98e-01  S3=3.65e-01  S4=2.03e-01  S5=7.03e-01  S6=1.25e-01  S7=4.17e-01]
  Epoch   500/8000  loss=2.0965e-02  lr=4.96e-04  (39.9s)
    [S0=1.84e-02  S1=3.84e-02  S2=1.11e-02  S3=1.73e-02  S4=8.17e-03  S5=3.18e-02  S6=7.23e-03  S7=3.54e-02]
  Epoch  1000/8000  loss=1.3839e-02  lr=4.83e-04  (77.1s)
    [S0=8.14e-03  S1=2.50e-02  S2=5.30e-03  S3=1.42e-02  S4=8.95e-03  S5=2.65e-02  S6=5.55e-03  S7=1.71e-02]
  Epoch  1500/8000  loss=1.1552e-02  lr=4.62e-04  (113.0s)
    [S0=1.58e-03  S1=2.52e-02  S2=1.71e-03  S3=9.18e-03  S4=3.19e-03  S5=3.52e-02  S6=1.71e-03  S7=1.46e-02]
  Epoch  2000/8000  loss=1.1452e-02  lr=4.34e-04  (150.7s)
    [S0=9.45e-04  S1=1.74e-02  S2=1.49e-03  S3=2.86e-02  S4=2.54e-03  S5=1.60e-02  S6=9.31e-04  S7=2.38e-02]
  Epoch  2500/8000  loss=5.6953e-03  lr=4.00e-04  (188.8s)
    [S0=1.20e-02  S1=8.83e-03  S2=3.85e-04  S3=2.96e-03  S4=4.35e-04  S5=1.25e-02  S6=1.73e-03  S7=6.75e-03]
  Epoch  3000/8000  loss=3.3582e-03  lr=3.61e-04  (228.3s)
    [S0=7.09e-04  S1=7.85e-03  S2=4.87e-04  S3=3.28e-03  S4=7.44e-04  S5=1.01e-02  S6=3.51e-04  S7=3.30e-03]
  Epoch  3500/8000  loss=3.9975e-03  lr=3.19e-04  (264.1s)
    [S0=1.83e-04  S1=9.66e-03  S2=7.04e-04  S3=2.34e-04  S4=7.94e-04  S5=1.62e-02  S6=9.13e-04  S7=3.28e-03]
  Epoch  4000/8000  loss=8.8474e-04  lr=2.75e-04  (299.6s)
    [S0=1.31e-04  S1=8.42e-04  S2=1.78e-04  S3=6.27e-04  S4=1.66e-04  S5=4.44e-03  S6=9.43e-05  S7=6.04e-04]
  Epoch  4500/8000  loss=4.6887e-04  lr=2.31e-04  (334.9s)
    [S0=2.28e-04  S1=5.86e-04  S2=3.45e-05  S3=5.51e-04  S4=6.12e-04  S5=1.43e-03  S6=3.49e-05  S7=2.78e-04]
  Epoch  5000/8000  loss=5.8029e-05  lr=1.89e-04  (370.2s)
    [S0=1.77e-05  S1=7.47e-05  S2=1.87e-05  S3=5.99e-05  S4=2.96e-05  S5=7.65e-05  S6=3.13e-05  S7=1.56e-04]
  Epoch  5500/8000  loss=1.5609e-04  lr=1.50e-04  (405.8s)
    [S0=2.62e-05  S1=1.68e-04  S2=1.63e-05  S3=3.37e-05  S4=8.41e-06  S5=9.36e-04  S6=2.15e-05  S7=3.92e-05]
  Epoch  6000/8000  loss=6.4359e-05  lr=1.16e-04  (441.0s)
    [S0=6.87e-06  S1=1.15e-04  S2=1.28e-04  S3=1.26e-04  S4=7.11e-06  S5=7.45e-05  S6=1.04e-05  S7=4.66e-05]
  Epoch  6500/8000  loss=1.7946e-05  lr=8.79e-05  (476.6s)
    [S0=4.01e-06  S1=2.27e-05  S2=8.34e-06  S3=2.17e-05  S4=5.53e-06  S5=3.01e-05  S6=5.63e-06  S7=4.56e-05]
  Epoch  7000/8000  loss=1.7242e-05  lr=6.71e-05  (512.3s)
    [S0=5.12e-06  S1=1.53e-05  S2=7.10e-06  S3=2.80e-05  S4=4.52e-06  S5=4.46e-05  S6=3.36e-06  S7=2.99e-05]
  Epoch  7500/8000  loss=2.4860e-05  lr=5.43e-05  (548.0s)
    [S0=2.81e-06  S1=1.31e-04  S2=4.45e-06  S3=1.40e-05  S4=4.46e-06  S5=1.91e-05  S6=3.58e-06  S7=1.97e-05]
  Epoch  8000/8000  loss=3.4617e-05  lr=5.00e-05  (584.0s)
    [S0=3.61e-06  S1=1.47e-05  S2=1.01e-05  S3=1.90e-05  S4=1.62e-05  S5=2.03e-05  S6=2.41e-05  S7=1.69e-04]

  Done in 584.0s  |  min loss = 8.1784e-06

Computing reference values (scipy) ...

  (0,0,1,2):  1.024334e+00  +-  1.1e-13
  (0,1,1,2):  3.758095e-01  +-  1.3e-13
  (1,0,1,2):  3.758095e-01  +-  1.6e-13
  (1,1,1,2):  1.142569e-01  +-  8.7e-14
  (0,0,2,3):  8.247579e-01  +-  1.1e-13
  (0,1,2,3):  3.074143e-01  +-  1.5e-13
  (1,0,2,3):  3.074143e-01  +-  1.6e-13
  (1,1,2,3):  9.614571e-02  +-  9.1e-14

════════════════════════════════════════════════════════════════════════════════════
   (a,b,m,n)     BrokNet NNI        scipy         |delta|     rel err   Digits
════════════════════════════════════════════════════════════════════════════════════
   (0,0,1,2)       1.023915e+00    1.024334e+00    4.194e-04  4.094e-04    4   
   (0,1,1,2)       3.755713e-01    3.758095e-01    2.383e-04  6.340e-04    4   
   (1,0,1,2)       3.741066e-01    3.758095e-01    1.703e-03  4.531e-03    3   
   (1,1,1,2)       1.147353e-01    1.142569e-01    4.784e-04  4.187e-03    4   
   (0,0,2,3)       8.268376e-01    8.247579e-01    2.080e-03  2.522e-03    3   
   (0,1,2,3)       3.077110e-01    3.074143e-01    2.967e-04  9.653e-04    4   
   (1,0,2,3)       3.070729e-01    3.074143e-01    3.414e-04  1.110e-03    4   
   (1,1,2,3)       9.670082e-02    9.614571e-02    5.551e-04  5.774e-03    4   
════════════════════════════════════════════════════════════════════════════════════

  Final loss   : 3.4617e-05
  Minimum loss : 8.1784e-06
  Loss @ epoch 1: 3.9687e-01

  Run finished : 2026-05-02 14:35
