
  Run started  : 2026-05-02 16:27
  Device       : mps

  Architecture : BrokNet  [8 x SindriNet [128, 256, 128]]
  omega_0      : 30.0
  Parameters   : 532,488 total  /  66,561 per expert
  Output scale : 3.704e-05
  t-substitution: logarithmic  t = exp(4.394 * u3) - 1,  t in [0, 80]

══════════════════════════════════════════════════════════════════════
  Training Mode: JOINT
  BrokNet  |  8 SindriNet experts  |  66,561 params/expert  |  532,488 total
  Epochs: 8000  |  8192 pts/expert/epoch  |  lr: 0.0005 -> 5e-05
  Device: mps
══════════════════════════════════════════════════════════════════════
  Epoch     1/8000  loss=3.7838e-01  lr=5.00e-04  (1.5s)
    [S0=2.45e-01  S1=7.42e-01  S2=1.48e-01  S3=3.35e-01  S4=2.23e-01  S5=7.43e-01  S6=1.54e-01  S7=4.36e-01]
  Epoch   500/8000  loss=1.8865e-01  lr=4.96e-04  (189.3s)
    [S0=2.08e-02  S1=1.41e+00  S2=1.89e-02  S3=1.25e-02  S4=5.38e-04  S5=4.42e-02  S6=1.75e-04  S7=6.60e-03]
  Epoch  1000/8000  loss=9.7071e-02  lr=4.83e-04  (377.5s)
    [S0=1.47e-02  S1=1.17e-03  S2=1.11e-04  S3=1.41e-04  S4=2.10e-05  S5=2.64e-04  S6=1.97e-05  S7=7.60e-01]
  Epoch  1500/8000  loss=2.2682e-01  lr=4.62e-04  (566.3s)
    [S0=6.52e-05  S1=2.57e-04  S2=2.13e-04  S3=1.76e+00  S4=3.56e-05  S5=4.80e-02  S6=1.13e-05  S7=1.75e-03]
  Epoch  2000/8000  loss=1.7019e-01  lr=4.34e-04  (754.5s)
    [S0=7.39e-05  S1=3.89e-04  S2=7.14e-05  S3=1.48e-03  S4=1.36e+00  S5=5.32e-04  S6=9.65e-05  S7=1.28e-04]
  Epoch  2500/8000  loss=3.5292e-02  lr=4.00e-04  (942.4s)
    [S0=3.15e-03  S1=1.66e-02  S2=1.36e-04  S3=1.66e-03  S4=5.78e-03  S5=2.37e-01  S6=1.78e-02  S7=1.69e-04]
  Epoch  3000/8000  loss=9.7896e-02  lr=3.61e-04  (1130.7s)
    [S0=1.13e-01  S1=5.44e-03  S2=6.63e-01  S3=4.89e-05  S4=4.66e-04  S5=3.22e-04  S6=7.52e-05  S7=1.69e-04]
  Epoch  3500/8000  loss=3.4316e-02  lr=3.19e-04  (1318.7s)
    [S0=2.18e-03  S1=4.21e-03  S2=2.40e-04  S3=2.41e-01  S4=2.24e-03  S5=6.24e-03  S6=1.25e-03  S7=1.67e-02]
  Epoch  4000/8000  loss=1.4912e-02  lr=2.75e-04  (1506.5s)
    [S0=2.87e-05  S1=9.94e-05  S2=2.45e-05  S3=2.25e-04  S4=1.17e-01  S5=1.75e-03  S6=4.74e-05  S7=7.76e-05]
  Epoch  4500/8000  loss=3.7745e-05  lr=2.31e-04  (1694.4s)
    [S0=8.63e-06  S1=1.11e-04  S2=8.50e-06  S3=3.78e-05  S4=2.02e-05  S5=6.33e-05  S6=1.85e-05  S7=3.45e-05]
  Epoch  5000/8000  loss=8.0720e-06  lr=1.89e-04  (1882.1s)
    [S0=2.33e-06  S1=1.59e-05  S2=2.15e-06  S3=9.09e-06  S4=5.99e-06  S5=1.23e-05  S6=5.48e-06  S7=1.14e-05]
  Epoch  5500/8000  loss=8.4461e-06  lr=1.50e-04  (2070.2s)
    [S0=1.35e-06  S1=7.79e-06  S2=2.07e-06  S3=7.23e-06  S4=3.22e-06  S5=1.28e-05  S6=2.50e-06  S7=3.06e-05]
  Epoch  6000/8000  loss=4.0239e-06  lr=1.16e-04  (2257.9s)
    [S0=1.49e-06  S1=8.24e-06  S2=8.16e-07  S3=6.10e-06  S4=2.28e-06  S5=7.31e-06  S6=1.85e-06  S7=4.10e-06]
  Epoch  6500/8000  loss=2.6752e-06  lr=8.79e-05  (2445.8s)
    [S0=6.23e-07  S1=4.80e-06  S2=7.12e-07  S3=3.86e-06  S4=1.65e-06  S5=4.67e-06  S6=1.78e-06  S7=3.30e-06]
  Epoch  7000/8000  loss=2.4269e-06  lr=6.71e-05  (2634.0s)
    [S0=7.58e-07  S1=6.28e-06  S2=6.35e-07  S3=2.04e-06  S4=1.38e-06  S5=5.23e-06  S6=1.23e-06  S7=1.87e-06]
  Epoch  7500/8000  loss=2.4614e-06  lr=5.43e-05  (2821.7s)
    [S0=5.79e-07  S1=3.87e-06  S2=4.44e-07  S3=2.53e-06  S4=1.60e-06  S5=7.63e-06  S6=9.89e-07  S7=2.06e-06]
  Epoch  8000/8000  loss=1.8411e-05  lr=5.00e-05  (3009.9s)
    [S0=3.64e-06  S1=9.02e-05  S2=4.36e-06  S3=1.60e-05  S4=1.57e-06  S5=8.45e-06  S6=9.50e-07  S7=2.21e-05]

  Done in 3009.9s  |  min loss = 1.5153e-06

Computing reference values (scipy) ...

  (0,0,1,2):  1.024334e+00  +-  1.1e-13
  (0,1,1,2):  3.758095e-01  +-  1.3e-13
  (1,0,1,2):  3.758095e-01  +-  1.6e-13
  (1,1,1,2):  1.142569e-01  +-  8.7e-14
  (0,0,2,3):  8.247579e-01  +-  1.1e-13
  (0,1,2,3):  3.074143e-01  +-  1.5e-13
  (1,0,2,3):  3.074143e-01  +-  1.6e-13
  (1,1,2,3):  9.614571e-02  +-  9.1e-14

════════════════════════════════════════════════════════════════════════════════════
   (a,b,m,n)     BrokNet NNI        scipy         |delta|     rel err   Digits
════════════════════════════════════════════════════════════════════════════════════
   (0,0,1,2)       1.023624e+00    1.024334e+00    7.098e-04  6.930e-04    4   
   (0,1,1,2)       3.747280e-01    3.758095e-01    1.082e-03  2.878e-03    3   
   (1,0,1,2)       3.767371e-01    3.758095e-01    9.275e-04  2.468e-03    4   
   (1,1,1,2)       1.144718e-01    1.142569e-01    2.149e-04  1.880e-03    4   
   (0,0,2,3)       8.246371e-01    8.247579e-01    1.208e-04  1.465e-04    4   
   (0,1,2,3)       3.074946e-01    3.074143e-01    8.028e-05  2.612e-04    5   
   (1,0,2,3)       3.073419e-01    3.074143e-01    7.238e-05  2.354e-04    5   
   (1,1,2,3)       9.626541e-02    9.614571e-02    1.197e-04  1.245e-03    4   
════════════════════════════════════════════════════════════════════════════════════

  Final loss   : 1.8411e-05
  Minimum loss : 1.5153e-06
  Loss @ epoch 1: 3.7838e-01

  Run finished : 2026-05-02 17:18
