
  Run started : 2026-04-29 21:47
  Device      : mps

  Architecture : KAN (Kolmogorov-Arnold Network)
  Layers       : [7] -> 2 x KANLayer(32) -> [1]
  B-spline     : G=8 intervals, k=3 (cubic), n_basis=11
  Edge formula : phi_ij(x) = w_ij*SiLU(x) + c_ij . B(x)
  Parameters   : 15,502
  Loss         : HuberLoss (delta=0.5)  -- robust to outliers
  Scheduler    : OneCycleLR (max_lr=0.002, 15% warm-up)
  t-substitution: logarithmic  t = exp(4.394*u3) - 1,  t in [0, 80]

====================================================================
  Training: 8000 epochs | 8 sets
  Per epoch: 8192 pts | device: mps
  Optimizer: Adam + OneCycleLR  (max_lr=0.002, warm-up 15%)
  Loss: HuberLoss (delta=0.5)
  Network: KAN  (B-spline edges, cubic k=3)
====================================================================
  Epoch     1/8000  loss=3.7752e-01  lr=8.00e-05  (3.9s)
  Epoch   500/8000  loss=2.7705e-03  lr=7.93e-04  (423.8s)
  Epoch  1000/8000  loss=1.6645e-03  lr=1.87e-03  (831.5s)
  Epoch  1500/8000  loss=1.0861e-03  lr=1.99e-03  (1235.2s)
  Epoch  2000/8000  loss=8.4374e-04  lr=1.93e-03  (1637.7s)
  Epoch  2500/8000  loss=5.5510e-04  lr=1.82e-03  (2040.6s)
  Epoch  3000/8000  loss=3.6108e-04  lr=1.67e-03  (2442.5s)
  Epoch  3500/8000  loss=2.4807e-04  lr=1.49e-03  (2844.7s)
  Epoch  4000/8000  loss=2.6292e-04  lr=1.27e-03  (3246.6s)
  Epoch  4500/8000  loss=2.1298e-04  lr=1.05e-03  (3649.0s)
  Epoch  5000/8000  loss=1.0731e-04  lr=8.16e-04  (4053.4s)
  Epoch  5500/8000  loss=1.0690e-04  lr=5.96e-04  (4482.1s)
  Epoch  6000/8000  loss=8.5700e-05  lr=3.97e-04  (4892.6s)
  Epoch  6500/8000  loss=7.6984e-05  lr=2.30e-04  (5299.6s)
  Epoch  7000/8000  loss=6.8862e-05  lr=1.05e-04  (5726.4s)
  Epoch  7500/8000  loss=6.4625e-05  lr=2.65e-05  (6165.5s)
  Epoch  8000/8000  loss=6.6536e-05  lr=8.01e-08  (6586.1s)

  Done in 6586.1s | min loss = 5.7451e-05

Computing reference values (scipy) ...

  (0,0,1,2):  1.024334e+00  +/-  1.1e-13
  (0,1,1,2):  3.758095e-01  +/-  1.3e-13
  (1,0,1,2):  3.758095e-01  +/-  1.6e-13
  (1,1,1,2):  1.142569e-01  +/-  8.7e-14
  (0,0,2,3):  8.247579e-01  +/-  1.1e-13
  (0,1,2,3):  3.074143e-01  +/-  1.5e-13
  (1,0,2,3):  3.074143e-01  +/-  1.6e-13
  (1,1,2,3):  9.614571e-02  +/-  9.1e-14

====================================================================================
   (a,b,m,n)       KAN-NNI          scipy         |Delta|    |Delta|/ref  Digits
====================================================================================
   (0,0,1,2)       1.031509e+00    1.024334e+00    7.175e-03  7.004e-03    3   
   (0,1,1,2)       3.771969e-01    3.758095e-01    1.387e-03  3.692e-03    3   
   (1,0,1,2)       3.645072e-01    3.758095e-01    1.130e-02  3.007e-02    2   
   (1,1,1,2)       1.005201e-01    1.142569e-01    1.374e-02  1.202e-01    2   
   (0,0,2,3)       8.059727e-01    8.247579e-01    1.879e-02  2.278e-02    2   
   (0,1,2,3)       2.978824e-01    3.074143e-01    9.532e-03  3.101e-02    3   
   (1,0,2,3)       2.927453e-01    3.074143e-01    1.467e-02  4.772e-02    2   
   (1,1,2,3)       8.727675e-02    9.614571e-02    8.869e-03  9.224e-02    3   
====================================================================================

  Final loss   : 6.6536e-05
  Minimum loss : 5.7451e-05
  Loss @ epoch 1: 3.7752e-01

  Run finished : 2026-04-29 23:36
