
  Run started  : 2026-05-02 13:59
  Device       : mps

  Architecture : BrokNet  [8 x SindriNet [64, 64, 64]]
  omega_0      : 30.0
  Parameters   : 69,128 total  /  8,641 per expert
  Output scale : 3.704e-05
  t-substitution: logarithmic  t = exp(4.394 * u3) - 1,  t in [0, 80]

══════════════════════════════════════════════════════════════════════
  BrokNet  |  8 SindriNet experts  |  8,641 params/expert  |  69,128 total
  Epochs: 8000  |  1024 pts/expert/epoch  |  lr: 0.0005 -> 5e-05  (CosineAnnealing)
  Device: mps
══════════════════════════════════════════════════════════════════════
  Epoch     1/8000  loss=3.5696e-01  lr=5.00e-04  (1.2s)
    [S0=2.36e-01  S1=6.04e-01  S2=1.34e-01  S3=3.42e-01  S4=2.12e-01  S5=7.46e-01  S6=1.58e-01  S7=4.23e-01]
  Epoch   500/8000  loss=4.3376e-03  lr=4.96e-04  (27.8s)
    [S0=2.88e-03  S1=6.48e-03  S2=1.39e-03  S3=7.66e-03  S4=9.53e-04  S5=1.01e-02  S6=1.66e-03  S7=3.59e-03]
  Epoch  1000/8000  loss=2.7355e-03  lr=4.83e-04  (56.1s)
    [S0=6.18e-04  S1=1.32e-03  S2=1.56e-03  S3=1.44e-03  S4=6.54e-04  S5=9.77e-03  S6=2.24e-03  S7=4.29e-03]
  Epoch  1500/8000  loss=4.6392e-03  lr=4.62e-04  (84.9s)
    [S0=1.84e-04  S1=1.11e-03  S2=3.37e-04  S3=9.13e-04  S4=2.97e-03  S5=4.95e-03  S6=2.10e-04  S7=2.64e-02]
  Epoch  2000/8000  loss=2.5129e-03  lr=4.34e-04  (113.7s)
    [S0=9.95e-05  S1=3.38e-03  S2=2.49e-04  S3=4.45e-03  S4=1.11e-03  S5=9.97e-03  S6=1.38e-04  S7=7.12e-04]
  Epoch  2500/8000  loss=7.4030e-04  lr=4.00e-04  (142.8s)
    [S0=1.80e-04  S1=4.19e-04  S2=2.24e-04  S3=1.58e-04  S4=1.54e-04  S5=3.59e-03  S6=5.47e-04  S7=6.51e-04]
  Epoch  3000/8000  loss=1.0962e-03  lr=3.61e-04  (171.9s)
    [S0=4.64e-04  S1=1.23e-03  S2=4.26e-04  S3=1.17e-04  S4=6.35e-04  S5=1.34e-03  S6=3.24e-03  S7=1.32e-03]
  Epoch  3500/8000  loss=4.3545e-04  lr=3.19e-04  (199.8s)
    [S0=1.62e-04  S1=8.71e-04  S2=7.56e-04  S3=3.06e-04  S4=7.27e-05  S5=2.79e-04  S6=4.74e-05  S7=9.89e-04]
  Epoch  4000/8000  loss=4.9372e-04  lr=2.75e-04  (227.4s)
    [S0=1.18e-04  S1=1.70e-04  S2=1.16e-04  S3=7.60e-04  S4=7.16e-05  S5=7.97e-04  S6=2.39e-04  S7=1.68e-03]
  Epoch  4500/8000  loss=4.8208e-04  lr=2.31e-04  (255.6s)
    [S0=7.88e-05  S1=2.04e-03  S2=2.80e-05  S3=9.46e-05  S4=7.38e-05  S5=1.25e-03  S6=1.42e-05  S7=2.82e-04]
  Epoch  5000/8000  loss=1.1423e-04  lr=1.89e-04  (283.2s)
    [S0=7.55e-05  S1=5.72e-05  S2=4.04e-05  S3=1.03e-04  S4=2.51e-05  S5=2.74e-04  S6=1.18e-04  S7=2.22e-04]
  Epoch  5500/8000  loss=4.9957e-05  lr=1.50e-04  (310.9s)
    [S0=3.09e-05  S1=7.09e-05  S2=1.20e-05  S3=5.34e-05  S4=2.77e-05  S5=9.44e-05  S6=5.11e-05  S7=5.93e-05]
  Epoch  6000/8000  loss=8.6176e-05  lr=1.16e-04  (338.6s)
    [S0=2.22e-05  S1=2.08e-05  S2=4.45e-05  S3=5.32e-05  S4=3.29e-05  S5=4.45e-05  S6=3.09e-04  S7=1.62e-04]
  Epoch  6500/8000  loss=1.9787e-05  lr=8.79e-05  (366.9s)
    [S0=1.25e-05  S1=1.86e-05  S2=7.03e-06  S3=3.62e-05  S4=3.01e-05  S5=3.43e-05  S6=5.11e-06  S7=1.45e-05]
  Epoch  7000/8000  loss=1.2386e-05  lr=6.71e-05  (392.9s)
    [S0=4.77e-06  S1=1.08e-05  S2=5.46e-06  S3=1.56e-05  S4=9.86e-06  S5=3.66e-05  S6=5.59e-06  S7=1.04e-05]
  Epoch  7500/8000  loss=1.8919e-05  lr=5.43e-05  (419.1s)
    [S0=6.54e-06  S1=5.37e-05  S2=2.80e-06  S3=4.27e-05  S4=5.25e-06  S5=1.51e-05  S6=4.51e-06  S7=2.08e-05]
  Epoch  8000/8000  loss=5.5340e-05  lr=5.00e-05  (445.3s)
    [S0=6.58e-06  S1=2.90e-05  S2=4.69e-06  S3=1.76e-05  S4=3.95e-06  S5=3.98e-05  S6=4.26e-06  S7=3.37e-04]

  Done in 445.3s  |  min loss = 7.8622e-06

Computing reference values (scipy) ...

  (0,0,1,2):  1.024334e+00  +-  1.1e-13
  (0,1,1,2):  3.758095e-01  +-  1.3e-13
  (1,0,1,2):  3.758095e-01  +-  1.6e-13
  (1,1,1,2):  1.142569e-01  +-  8.7e-14
  (0,0,2,3):  8.247579e-01  +-  1.1e-13
  (0,1,2,3):  3.074143e-01  +-  1.5e-13
  (1,0,2,3):  3.074143e-01  +-  1.6e-13
  (1,1,2,3):  9.614571e-02  +-  9.1e-14

════════════════════════════════════════════════════════════════════════════════════
   (a,b,m,n)     BrokNet NNI        scipy         |delta|     rel err   Digits
════════════════════════════════════════════════════════════════════════════════════
   (0,0,1,2)       1.022415e+00    1.024334e+00    1.919e-03  1.873e-03    3   
   (0,1,1,2)       3.763991e-01    3.758095e-01    5.895e-04  1.569e-03    4   
   (1,0,1,2)       3.756315e-01    3.758095e-01    1.780e-04  4.737e-04    4   
   (1,1,1,2)       1.143822e-01    1.142569e-01    1.253e-04  1.097e-03    4   
   (0,0,2,3)       8.246239e-01    8.247579e-01    1.340e-04  1.625e-04    4   
   (0,1,2,3)       3.076920e-01    3.074143e-01    2.778e-04  9.035e-04    4   
   (1,0,2,3)       3.076818e-01    3.074143e-01    2.675e-04  8.703e-04    4   
   (1,1,2,3)       9.494301e-02    9.614571e-02    1.203e-03  1.251e-02    3   
════════════════════════════════════════════════════════════════════════════════════

  Final loss   : 5.5340e-05
  Minimum loss : 7.8622e-06
  Loss @ epoch 1: 3.5696e-01

  Run finished : 2026-05-02 14:06
