
  Run started  : 2026-05-02 14:14
  Device       : mps

  Architecture : BrokNet  [8 x SindriNet [128, 128, 128]]
  omega_0      : 30.0
  Parameters   : 269,320 total  /  33,665 per expert
  Output scale : 3.704e-05
  t-substitution: logarithmic  t = exp(4.394 * u3) - 1,  t in [0, 80]

══════════════════════════════════════════════════════════════════════
  BrokNet  |  8 SindriNet experts  |  33,665 params/expert  |  269,320 total
  Epochs: 8000  |  1024 pts/expert/epoch  |  lr: 0.0005 -> 5e-05  (CosineAnnealing)
  Device: mps
══════════════════════════════════════════════════════════════════════
  Epoch     1/8000  loss=3.9687e-01  lr=5.00e-04  (1.1s)
    [S0=2.13e-01  S1=9.51e-01  S2=1.98e-01  S3=3.65e-01  S4=2.03e-01  S5=7.03e-01  S6=1.25e-01  S7=4.17e-01]
  Epoch   500/8000  loss=6.6025e-02  lr=4.96e-04  (32.5s)
    [S0=3.45e-01  S1=4.91e-02  S2=2.37e-02  S3=2.62e-02  S4=6.65e-03  S5=5.14e-02  S6=8.37e-03  S7=1.75e-02]
  Epoch  1000/8000  loss=1.2784e-02  lr=4.83e-04  (63.6s)
    [S0=2.79e-04  S1=6.06e-03  S2=1.66e-03  S3=1.39e-03  S4=1.31e-03  S5=3.62e-02  S6=3.81e-04  S7=5.50e-02]
  Epoch  1500/8000  loss=2.3388e-02  lr=4.62e-04  (93.5s)
    [S0=2.39e-05  S1=5.93e-04  S2=1.79e-01  S3=2.09e-04  S4=2.18e-04  S5=5.98e-03  S6=3.88e-04  S7=6.78e-04]
  Epoch  2000/8000  loss=2.4038e-02  lr=4.34e-04  (126.2s)
    [S0=6.03e-03  S1=4.27e-03  S2=1.29e-04  S3=1.58e-01  S4=3.66e-04  S5=1.30e-02  S6=3.02e-04  S7=1.07e-02]
  Epoch  2500/8000  loss=1.3488e-02  lr=4.00e-04  (157.0s)
    [S0=1.11e-03  S1=1.24e-02  S2=3.76e-04  S3=1.10e-03  S4=5.98e-04  S5=4.18e-02  S6=2.85e-04  S7=5.02e-02]
  Epoch  3000/8000  loss=2.6540e-03  lr=3.61e-04  (188.5s)
    [S0=3.41e-04  S1=1.66e-02  S2=2.49e-04  S3=2.99e-04  S4=2.22e-04  S5=2.81e-03  S6=7.04e-05  S7=6.78e-04]
  Epoch  3500/8000  loss=6.2619e-04  lr=3.19e-04  (219.3s)
    [S0=1.78e-04  S1=1.81e-04  S2=2.36e-04  S3=1.39e-03  S4=6.48e-05  S5=2.36e-03  S6=1.17e-04  S7=4.87e-04]
  Epoch  4000/8000  loss=3.7298e-04  lr=2.75e-04  (250.3s)
    [S0=6.51e-05  S1=1.11e-04  S2=8.95e-05  S3=5.08e-04  S4=5.43e-05  S5=3.74e-04  S6=6.72e-04  S7=1.11e-03]
  Epoch  4500/8000  loss=2.4082e-04  lr=2.31e-04  (282.8s)
    [S0=1.80e-04  S1=3.10e-04  S2=4.47e-05  S3=2.80e-04  S4=5.85e-05  S5=9.37e-04  S6=3.51e-05  S7=8.13e-05]
  Epoch  5000/8000  loss=2.6153e-04  lr=1.89e-04  (317.9s)
    [S0=5.39e-05  S1=1.46e-04  S2=1.06e-05  S3=2.41e-04  S4=1.35e-05  S5=7.76e-04  S6=2.09e-05  S7=8.30e-04]
  Epoch  5500/8000  loss=1.4957e-04  lr=1.50e-04  (352.8s)
    [S0=2.45e-05  S1=9.49e-05  S2=1.19e-05  S3=1.11e-04  S4=4.99e-04  S5=3.81e-04  S6=2.62e-05  S7=4.81e-05]
  Epoch  6000/8000  loss=7.2136e-05  lr=1.16e-04  (389.5s)
    [S0=8.83e-06  S1=1.02e-04  S2=1.09e-05  S3=2.08e-04  S4=2.90e-05  S5=1.84e-04  S6=1.76e-05  S7=1.73e-05]
  Epoch  6500/8000  loss=4.5574e-05  lr=8.79e-05  (426.7s)
    [S0=8.47e-06  S1=4.17e-05  S2=3.71e-06  S3=7.64e-05  S4=6.01e-06  S5=7.48e-05  S6=1.65e-05  S7=1.37e-04]
  Epoch  7000/8000  loss=2.3179e-05  lr=6.71e-05  (462.7s)
    [S0=1.18e-05  S1=4.50e-05  S2=2.72e-06  S3=7.83e-06  S4=3.26e-06  S5=9.16e-05  S6=3.32e-06  S7=1.99e-05]
  Epoch  7500/8000  loss=1.8451e-05  lr=5.43e-05  (497.8s)
    [S0=1.95e-06  S1=8.50e-05  S2=5.09e-06  S3=1.75e-05  S4=2.65e-06  S5=2.34e-05  S6=2.34e-06  S7=9.62e-06]
  Epoch  8000/8000  loss=2.9991e-05  lr=5.00e-05  (532.5s)
    [S0=1.10e-05  S1=1.79e-05  S2=2.93e-06  S3=1.84e-05  S4=3.76e-05  S5=8.71e-05  S6=2.51e-05  S7=4.00e-05]

  Done in 532.5s  |  min loss = 7.8738e-06

Computing reference values (scipy) ...

  (0,0,1,2):  1.024334e+00  +-  1.1e-13
  (0,1,1,2):  3.758095e-01  +-  1.3e-13
  (1,0,1,2):  3.758095e-01  +-  1.6e-13
  (1,1,1,2):  1.142569e-01  +-  8.7e-14
  (0,0,2,3):  8.247579e-01  +-  1.1e-13
  (0,1,2,3):  3.074143e-01  +-  1.5e-13
  (1,0,2,3):  3.074143e-01  +-  1.6e-13
  (1,1,2,3):  9.614571e-02  +-  9.1e-14

════════════════════════════════════════════════════════════════════════════════════
   (a,b,m,n)     BrokNet NNI        scipy         |delta|     rel err   Digits
════════════════════════════════════════════════════════════════════════════════════
   (0,0,1,2)       1.023911e+00    1.024334e+00    4.232e-04  4.132e-04    4   
   (0,1,1,2)       3.761898e-01    3.758095e-01    3.802e-04  1.012e-03    4   
   (1,0,1,2)       3.753754e-01    3.758095e-01    4.342e-04  1.155e-03    4   
   (1,1,1,2)       1.146660e-01    1.142569e-01    4.090e-04  3.580e-03    4   
   (0,0,2,3)       8.266715e-01    8.247579e-01    1.914e-03  2.320e-03    3   
   (0,1,2,3)       3.088933e-01    3.074143e-01    1.479e-03  4.811e-03    3   
   (1,0,2,3)       3.079402e-01    3.074143e-01    5.259e-04  1.711e-03    4   
   (1,1,2,3)       9.620817e-02    9.614571e-02    6.246e-05  6.496e-04    5   
════════════════════════════════════════════════════════════════════════════════════

  Final loss   : 2.9991e-05
  Minimum loss : 7.8738e-06
  Loss @ epoch 1: 3.9687e-01

  Run finished : 2026-05-02 14:23
